<?xml version="1.0" encoding="UTF-8" standalone="yes"?><!DOCTYPE report PUBLIC "-//JACOCO//DTD Report 1.0//EN" "report.dtd"><report name="JaCoCoverage analysis (powered by JaCoCo from EclEmma)"><sessioninfo id="KN-TR-TM-0246-a85708c4" start="1424352745008" dump="1424352746052"/><package name="calculator"><class name="calculator/SumException"><method name="&lt;init&gt;" desc="()V" line="14"><counter type="INSTRUCTION" missed="0" covered="3"/><counter type="LINE" missed="0" covered="2"/><counter type="COMPLEXITY" missed="0" covered="1"/><counter type="METHOD" missed="0" covered="1"/></method><counter type="INSTRUCTION" missed="0" covered="3"/><counter type="LINE" missed="0" covered="2"/><counter type="COMPLEXITY" missed="0" covered="1"/><counter type="METHOD" missed="0" covered="1"/><counter type="CLASS" missed="0" covered="1"/></class><class name="calculator/Calculator"><method name="&lt;init&gt;" desc="()V" line="12"><counter type="INSTRUCTION" missed="0" covered="3"/><counter type="LINE" missed="0" covered="1"/><counter type="COMPLEXITY" missed="0" covered="1"/><counter type="METHOD" missed="0" covered="1"/></method><method name="sum" desc="(II)I" line="19"><counter type="INSTRUCTION" missed="0" covered="20"/><counter type="BRANCH" missed="1" covered="7"/><counter type="LINE" missed="0" covered="3"/><counter type="COMPLEXITY" missed="1" covered="4"/><counter type="METHOD" missed="0" covered="1"/></method><counter type="INSTRUCTION" missed="0" covered="23"/><counter type="BRANCH" missed="1" covered="7"/><counter type="LINE" missed="0" covered="4"/><counter type="COMPLEXITY" missed="1" covered="5"/><counter type="METHOD" missed="0" covered="2"/><counter type="CLASS" missed="0" covered="1"/></class><sourcefile name="SumException.java"><line nr="14" mi="0" ci="2" mb="0" cb="0"/><line nr="15" mi="0" ci="1" mb="0" cb="0"/><counter type="INSTRUCTION" missed="0" covered="3"/><counter type="LINE" missed="0" covered="2"/><counter type="COMPLEXITY" missed="0" covered="1"/><counter type="METHOD" missed="0" covered="1"/><counter type="CLASS" missed="0" covered="1"/></sourcefile><sourcefile name="Calculator.java"><line nr="12" mi="0" ci="3" mb="0" cb="0"/><line nr="19" mi="0" ci="12" mb="1" cb="7"/><line nr="20" mi="0" ci="4" mb="0" cb="0"/><line nr="22" mi="0" ci="4" mb="0" cb="0"/><counter type="INSTRUCTION" missed="0" covered="23"/><counter type="BRANCH" missed="1" covered="7"/><counter type="LINE" missed="0" covered="4"/><counter type="COMPLEXITY" missed="1" covered="5"/><counter type="METHOD" missed="0" covered="2"/><counter type="CLASS" missed="0" covered="1"/></sourcefile><counter type="INSTRUCTION" missed="0" covered="26"/><counter type="BRANCH" missed="1" covered="7"/><counter type="LINE" missed="0" covered="6"/><counter type="COMPLEXITY" missed="1" covered="6"/><counter type="METHOD" missed="0" covered="3"/><counter type="CLASS" missed="0" covered="2"/></package><counter type="INSTRUCTION" missed="0" covered="26"/><counter type="BRANCH" missed="1" covered="7"/><counter type="LINE" missed="0" covered="6"/><counter type="COMPLEXITY" missed="1" covered="6"/><counter type="METHOD" missed="0" covered="3"/><counter type="CLASS" missed="0" covered="2"/></report>